[INFO] 2025-11-23T06:16:28Z Enterprise-OS Orchestrator starting (enterprise_os_root/app/main.py)
[INFO] Loading core modules:
       - modules_ai_embeddings.py
       - modules_cloud_s3.py
       - modules_compliance_scanner.py
[INFO] Scenario: baseline_security_build
[INFO] Workspace: /opt/enterprise-os/examples/serviceA

[INFO] Stage 1/4: Source integrity and provenance checks
       - Verified commit signatures (local offline keyring)
       - Verified checksums against enterprise-os manifest

[INFO] Stage 2/4: Hardened build
       - Executed language-specific pipelines (Java, Go, Rust, Swift, Python)
       - All unit tests passed in offline test harness

[INFO] Stage 3/4: SBOM / MBOM generation
       - SBOM (SPDX) written to reports/sbom_enterprise_os.json
       - MBOM summary written to reports/mbom_enterprise_os.md

[INFO] Stage 4/4: Compliance evaluation
       - NIST 800-53 baseline evaluated
       - PCI-DSS relevant controls evaluated
       - Cloud account posture ingested from AWS/GCP/Azure connectors

[INFO] Orchestrator scenario baseline_security_build completed with status: SUCCESS
